# JRE version: OpenJDK Runtime Environment (8.0_242-b01) (build 1.8.0_242-release-1644-b01)
# Java VM: OpenJDK 64-Bit Server VM (25.242-b01 mixed mode windows-amd64 compressed oops)
Heap:
 PSYoungGen      total 138240K, used 69940K [0x00000000d5e00000, 0x00000000e0580000, 0x0000000100000000)
  eden space 133120K, 52% used [0x00000000d5e00000,0x00000000da24d3c8,0x00000000de000000)
  from space 5120K, 0% used [0x00000000de000000,0x00000000de000000,0x00000000de500000)
  to   space 15872K, 0% used [0x00000000df600000,0x00000000df600000,0x00000000e0580000)
 ParOldGen       total 66560K, used 19565K [0x0000000081a00000, 0x0000000085b00000, 0x00000000d5e00000)
  object space 66560K, 29% used [0x0000000081a00000,0x0000000082d1b5b0,0x0000000085b00000)
 Metaspace       used 39560K, capacity 40170K, committed 40448K, reserved 1085440K
  class space    used 4881K, capacity 5058K, committed 5120K, reserved 1048576K
GC Heap History (10 events):
Event: 1.261 GC heap before
{Heap before GC invocations=3 (full 0):
 PSYoungGen      total 71680K, used 25622K [0x00000000d5e00000, 0x00000000da900000, 0x0000000100000000)
  eden space 66560K, 30% used [0x00000000d5e00000,0x00000000d7209978,0x00000000d9f00000)
  from space 5120K, 99% used [0x00000000da400000,0x00000000da8fc010,0x00000000da900000)
  to   space 5120K, 0% used [0x00000000d9f00000,0x00000000d9f00000,0x00000000da400000)
 ParOldGen       total 87552K, used 7717K [0x0000000081a00000, 0x0000000086f80000, 0x00000000d5e00000)
  object space 87552K, 8% used [0x0000000081a00000,0x0000000082189580,0x0000000086f80000)
 Metaspace       used 20785K, capacity 21168K, committed 21296K, reserved 1069056K
  class space    used 2486K, capacity 2626K, committed 2688K, reserved 1048576K
Event: 1.268 GC heap after
Heap after GC invocations=3 (full 0):
 PSYoungGen      total 71680K, used 5088K [0x00000000d5e00000, 0x00000000dea00000, 0x0000000100000000)
  eden space 66560K, 0% used [0x00000000d5e00000,0x00000000d5e00000,0x00000000d9f00000)
  from space 5120K, 99% used [0x00000000d9f00000,0x00000000da3f8010,0x00000000da400000)
  to   space 5120K, 0% used [0x00000000de500000,0x00000000de500000,0x00000000dea00000)
 ParOldGen       total 87552K, used 11970K [0x0000000081a00000, 0x0000000086f80000, 0x00000000d5e00000)
  object space 87552K, 13% used [0x0000000081a00000,0x00000000825b0af0,0x0000000086f80000)
 Metaspace       used 20785K, capacity 21168K, committed 21296K, reserved 1069056K
  class space    used 2486K, capacity 2626K, committed 2688K, reserved 1048576K
}
Event: 1.268 GC heap before
{Heap before GC invocations=4 (full 1):
 PSYoungGen      total 71680K, used 5088K [0x00000000d5e00000, 0x00000000dea00000, 0x0000000100000000)
  eden space 66560K, 0% used [0x00000000d5e00000,0x00000000d5e00000,0x00000000d9f00000)
  from space 5120K, 99% used [0x00000000d9f00000,0x00000000da3f8010,0x00000000da400000)
  to   space 5120K, 0% used [0x00000000de500000,0x00000000de500000,0x00000000dea00000)
 ParOldGen       total 87552K, used 11970K [0x0000000081a00000, 0x0000000086f80000, 0x00000000d5e00000)
  object space 87552K, 13% used [0x0000000081a00000,0x00000000825b0af0,0x0000000086f80000)
 Metaspace       used 20785K, capacity 21168K, committed 21296K, reserved 1069056K
  class space    used 2486K, capacity 2626K, committed 2688K, reserved 1048576K
Event: 1.299 GC heap after
Heap after GC invocations=4 (full 1):
 PSYoungGen      total 71680K, used 0K [0x00000000d5e00000, 0x00000000dea00000, 0x0000000100000000)
  eden space 66560K, 0% used [0x00000000d5e00000,0x00000000d5e00000,0x00000000d9f00000)
  from space 5120K, 0% used [0x00000000d9f00000,0x00000000d9f00000,0x00000000da400000)
  to   space 5120K, 0% used [0x00000000de500000,0x00000000de500000,0x00000000dea00000)
 ParOldGen       total 66560K, used 9188K [0x0000000081a00000, 0x0000000085b00000, 0x00000000d5e00000)
  object space 66560K, 13% used [0x0000000081a00000,0x00000000822f93c0,0x0000000085b00000)
 Metaspace       used 20785K, capacity 21168K, committed 21296K, reserved 1069056K
  class space    used 2486K, capacity 2626K, committed 2688K, reserved 1048576K
}
Event: 2.086 GC heap before
{Heap before GC invocations=5 (full 1):
 PSYoungGen      total 71680K, used 66560K [0x00000000d5e00000, 0x00000000dea00000, 0x0000000100000000)
  eden space 66560K, 100% used [0x00000000d5e00000,0x00000000d9f00000,0x00000000d9f00000)
  from space 5120K, 0% used [0x00000000d9f00000,0x00000000d9f00000,0x00000000da400000)
  to   space 5120K, 0% used [0x00000000de500000,0x00000000de500000,0x00000000dea00000)
 ParOldGen       total 66560K, used 9188K [0x0000000081a00000, 0x0000000085b00000, 0x00000000d5e00000)
  object space 66560K, 13% used [0x0000000081a00000,0x00000000822f93c0,0x0000000085b00000)
 Metaspace       used 29796K, capacity 30211K, committed 30336K, reserved 1075200K
  class space    used 3815K, capacity 3945K, committed 3968K, reserved 1048576K
Event: 2.101 GC heap after
Heap after GC invocations=5 (full 1):
 PSYoungGen      total 101376K, used 5091K [0x00000000d5e00000, 0x00000000dea00000, 0x0000000100000000)
  eden space 96256K, 0% used [0x00000000d5e00000,0x00000000d5e00000,0x00000000dbc00000)
  from space 5120K, 99% used [0x00000000de500000,0x00000000de9f8c70,0x00000000dea00000)
  to   space 5120K, 0% used [0x00000000de000000,0x00000000de000000,0x00000000de500000)
 ParOldGen       total 66560K, used 20692K [0x0000000081a00000, 0x0000000085b00000, 0x00000000d5e00000)
  object space 66560K, 31% used [0x0000000081a00000,0x0000000082e35268,0x0000000085b00000)
 Metaspace       used 29796K, capacity 30211K, committed 30336K, reserved 1075200K
  class space    used 3815K, capacity 3945K, committed 3968K, reserved 1048576K
}
Event: 2.508 GC heap before
{Heap before GC invocations=6 (full 1):
 PSYoungGen      total 101376K, used 33879K [0x00000000d5e00000, 0x00000000dea00000, 0x0000000100000000)
  eden space 96256K, 29% used [0x00000000d5e00000,0x00000000d7a1d158,0x00000000dbc00000)
  from space 5120K, 99% used [0x00000000de500000,0x00000000de9f8c70,0x00000000dea00000)
  to   space 5120K, 0% used [0x00000000de000000,0x00000000de000000,0x00000000de500000)
 ParOldGen       total 66560K, used 20692K [0x0000000081a00000, 0x0000000085b00000, 0x00000000d5e00000)
  object space 66560K, 31% used [0x0000000081a00000,0x0000000082e35268,0x0000000085b00000)
 Metaspace       used 34817K, capacity 35308K, committed 35496K, reserved 1081344K
  class space    used 4437K, capacity 4581K, committed 4608K, reserved 1048576K
Event: 2.517 GC heap after
Heap after GC invocations=6 (full 1):
 PSYoungGen      total 138240K, used 5100K [0x00000000d5e00000, 0x00000000e0580000, 0x0000000100000000)
  eden space 133120K, 0% used [0x00000000d5e00000,0x00000000d5e00000,0x00000000de000000)
  from space 5120K, 99% used [0x00000000de000000,0x00000000de4fb130,0x00000000de500000)
  to   space 15872K, 0% used [0x00000000df600000,0x00000000df600000,0x00000000e0580000)
 ParOldGen       total 66560K, used 27402K [0x0000000081a00000, 0x0000000085b00000, 0x00000000d5e00000)
  object space 66560K, 41% used [0x0000000081a00000,0x00000000834c2898,0x0000000085b00000)
 Metaspace       used 34817K, capacity 35308K, committed 35496K, reserved 1081344K
  class space    used 4437K, capacity 4581K, committed 4608K, reserved 1048576K
}
Event: 2.517 GC heap before
{Heap before GC invocations=7 (full 2):
 PSYoungGen      total 138240K, used 5100K [0x00000000d5e00000, 0x00000000e0580000, 0x0000000100000000)
  eden space 133120K, 0% used [0x00000000d5e00000,0x00000000d5e00000,0x00000000de000000)
  from space 5120K, 99% used [0x00000000de000000,0x00000000de4fb130,0x00000000de500000)
  to   space 15872K, 0% used [0x00000000df600000,0x00000000df600000,0x00000000e0580000)
 ParOldGen       total 66560K, used 27402K [0x0000000081a00000, 0x0000000085b00000, 0x00000000d5e00000)
  object space 66560K, 41% used [0x0000000081a00000,0x00000000834c2898,0x0000000085b00000)
 Metaspace       used 34817K, capacity 35308K, committed 35496K, reserved 1081344K
  class space    used 4437K, capacity 4581K, committed 4608K, reserved 1048576K
Event: 2.577 GC heap after
Heap after GC invocations=7 (full 2):
 PSYoungGen      total 138240K, used 0K [0x00000000d5e00000, 0x00000000e0580000, 0x0000000100000000)
  eden space 133120K, 0% used [0x00000000d5e00000,0x00000000d5e00000,0x00000000de000000)
  from space 5120K, 0% used [0x00000000de000000,0x00000000de000000,0x00000000de500000)
  to   space 15872K, 0% used [0x00000000df600000,0x00000000df600000,0x00000000e0580000)
 ParOldGen       total 66560K, used 19565K [0x0000000081a00000, 0x0000000085b00000, 0x00000000d5e00000)
  object space 66560K, 29% used [0x0000000081a00000,0x0000000082d1b5b0,0x0000000085b00000)
 Metaspace       used 34817K, capacity 35308K, committed 35496K, reserved 1081344K
  class space    used 4437K, capacity 4581K, committed 4608K, reserved 1048576K
}

