# JRE version: OpenJDK Runtime Environment (8.0_242-b01) (build 1.8.0_242-release-1644-b01)
# Java VM: OpenJDK 64-Bit Server VM (25.242-b01 mixed mode windows-amd64 compressed oops)
Heap:
 PSYoungGen      total 59904K, used 18189K [0x00000000d5e00000, 0x00000000dbd00000, 0x0000000100000000)
  eden space 54784K, 23% used [0x00000000d5e00000,0x00000000d6ac9358,0x00000000d9380000)
  from space 5120K, 99% used [0x00000000da400000,0x00000000da8fa338,0x00000000da900000)
  to   space 16896K, 0% used [0x00000000d9380000,0x00000000d9380000,0x00000000da400000)
 ParOldGen       total 66560K, used 39683K [0x0000000081a00000, 0x0000000085b00000, 0x00000000d5e00000)
  object space 66560K, 59% used [0x0000000081a00000,0x00000000840c0f08,0x0000000085b00000)
 Metaspace       used 42072K, capacity 42730K, committed 43008K, reserved 1087488K
  class space    used 5152K, capacity 5344K, committed 5376K, reserved 1048576K
GC Heap History (10 events):
Event: 2.641 GC heap before
{Heap before GC invocations=6 (full 1):
 PSYoungGen      total 53248K, used 53216K [0x00000000d5e00000, 0x00000000da900000, 0x0000000100000000)
  eden space 48128K, 100% used [0x00000000d5e00000,0x00000000d8d00000,0x00000000d8d00000)
  from space 5120K, 99% used [0x00000000da400000,0x00000000da8f8288,0x00000000da900000)
  to   space 5120K, 0% used [0x00000000d9f00000,0x00000000d9f00000,0x00000000da400000)
 ParOldGen       total 66560K, used 11606K [0x0000000081a00000, 0x0000000085b00000, 0x00000000d5e00000)
  object space 66560K, 17% used [0x0000000081a00000,0x0000000082555be8,0x0000000085b00000)
 Metaspace       used 32778K, capacity 33231K, committed 33664K, reserved 1079296K
  class space    used 4230K, capacity 4369K, committed 4480K, reserved 1048576K
Event: 2.655 GC heap after
Heap after GC invocations=6 (full 1):
 PSYoungGen      total 53248K, used 5100K [0x00000000d5e00000, 0x00000000da900000, 0x0000000100000000)
  eden space 48128K, 0% used [0x00000000d5e00000,0x00000000d5e00000,0x00000000d8d00000)
  from space 5120K, 99% used [0x00000000d9f00000,0x00000000da3fb120,0x00000000da400000)
  to   space 5120K, 0% used [0x00000000da400000,0x00000000da400000,0x00000000da900000)
 ParOldGen       total 66560K, used 23901K [0x0000000081a00000, 0x0000000085b00000, 0x00000000d5e00000)
  object space 66560K, 35% used [0x0000000081a00000,0x00000000831577e8,0x0000000085b00000)
 Metaspace       used 32778K, capacity 33231K, committed 33664K, reserved 1079296K
  class space    used 4230K, capacity 4369K, committed 4480K, reserved 1048576K
}
Event: 2.854 GC heap before
{Heap before GC invocations=7 (full 1):
 PSYoungGen      total 53248K, used 16523K [0x00000000d5e00000, 0x00000000da900000, 0x0000000100000000)
  eden space 48128K, 23% used [0x00000000d5e00000,0x00000000d6927bc0,0x00000000d8d00000)
  from space 5120K, 99% used [0x00000000d9f00000,0x00000000da3fb120,0x00000000da400000)
  to   space 5120K, 0% used [0x00000000da400000,0x00000000da400000,0x00000000da900000)
 ParOldGen       total 66560K, used 23901K [0x0000000081a00000, 0x0000000085b00000, 0x00000000d5e00000)
  object space 66560K, 35% used [0x0000000081a00000,0x00000000831577e8,0x0000000085b00000)
 Metaspace       used 34831K, capacity 35308K, committed 35496K, reserved 1081344K
  class space    used 4437K, capacity 4581K, committed 4608K, reserved 1048576K
Event: 2.859 GC heap after
Heap after GC invocations=7 (full 1):
 PSYoungGen      total 53248K, used 5100K [0x00000000d5e00000, 0x00000000da900000, 0x0000000100000000)
  eden space 48128K, 0% used [0x00000000d5e00000,0x00000000d5e00000,0x00000000d8d00000)
  from space 5120K, 99% used [0x00000000da400000,0x00000000da8fb120,0x00000000da900000)
  to   space 5120K, 0% used [0x00000000d9f00000,0x00000000d9f00000,0x00000000da400000)
 ParOldGen       total 66560K, used 26749K [0x0000000081a00000, 0x0000000085b00000, 0x00000000d5e00000)
  object space 66560K, 40% used [0x0000000081a00000,0x000000008341f5a0,0x0000000085b00000)
 Metaspace       used 34831K, capacity 35308K, committed 35496K, reserved 1081344K
  class space    used 4437K, capacity 4581K, committed 4608K, reserved 1048576K
}
Event: 2.859 GC heap before
{Heap before GC invocations=8 (full 2):
 PSYoungGen      total 53248K, used 5100K [0x00000000d5e00000, 0x00000000da900000, 0x0000000100000000)
  eden space 48128K, 0% used [0x00000000d5e00000,0x00000000d5e00000,0x00000000d8d00000)
  from space 5120K, 99% used [0x00000000da400000,0x00000000da8fb120,0x00000000da900000)
  to   space 5120K, 0% used [0x00000000d9f00000,0x00000000d9f00000,0x00000000da400000)
 ParOldGen       total 66560K, used 26749K [0x0000000081a00000, 0x0000000085b00000, 0x00000000d5e00000)
  object space 66560K, 40% used [0x0000000081a00000,0x000000008341f5a0,0x0000000085b00000)
 Metaspace       used 34831K, capacity 35308K, committed 35496K, reserved 1081344K
  class space    used 4437K, capacity 4581K, committed 4608K, reserved 1048576K
Event: 2.925 GC heap after
Heap after GC invocations=8 (full 2):
 PSYoungGen      total 53248K, used 0K [0x00000000d5e00000, 0x00000000da900000, 0x0000000100000000)
  eden space 48128K, 0% used [0x00000000d5e00000,0x00000000d5e00000,0x00000000d8d00000)
  from space 5120K, 0% used [0x00000000da400000,0x00000000da400000,0x00000000da900000)
  to   space 5120K, 0% used [0x00000000d9f00000,0x00000000d9f00000,0x00000000da400000)
 ParOldGen       total 66560K, used 25399K [0x0000000081a00000, 0x0000000085b00000, 0x00000000d5e00000)
  object space 66560K, 38% used [0x0000000081a00000,0x00000000832cddf0,0x0000000085b00000)
 Metaspace       used 34831K, capacity 35308K, committed 35496K, reserved 1081344K
  class space    used 4437K, capacity 4581K, committed 4608K, reserved 1048576K
}
Event: 3.638 GC heap before
{Heap before GC invocations=9 (full 2):
 PSYoungGen      total 53248K, used 48128K [0x00000000d5e00000, 0x00000000da900000, 0x0000000100000000)
  eden space 48128K, 100% used [0x00000000d5e00000,0x00000000d8d00000,0x00000000d8d00000)
  from space 5120K, 0% used [0x00000000da400000,0x00000000da400000,0x00000000da900000)
  to   space 5120K, 0% used [0x00000000d9f00000,0x00000000d9f00000,0x00000000da400000)
 ParOldGen       total 66560K, used 25399K [0x0000000081a00000, 0x0000000085b00000, 0x00000000d5e00000)
  object space 66560K, 38% used [0x0000000081a00000,0x00000000832cddf0,0x0000000085b00000)
 Metaspace       used 38466K, capacity 39038K, committed 39424K, reserved 1083392K
  class space    used 4849K, capacity 5024K, committed 5120K, reserved 1048576K
Event: 3.648 GC heap after
Heap after GC invocations=9 (full 2):
 PSYoungGen      total 53248K, used 5096K [0x00000000d5e00000, 0x00000000da900000, 0x0000000100000000)
  eden space 48128K, 0% used [0x00000000d5e00000,0x00000000d5e00000,0x00000000d8d00000)
  from space 5120K, 99% used [0x00000000d9f00000,0x00000000da3fa338,0x00000000da400000)
  to   space 5120K, 0% used [0x00000000da400000,0x00000000da400000,0x00000000da900000)
 ParOldGen       total 66560K, used 29912K [0x0000000081a00000, 0x0000000085b00000, 0x00000000d5e00000)
  object space 66560K, 44% used [0x0000000081a00000,0x0000000083736368,0x0000000085b00000)
 Metaspace       used 38466K, capacity 39038K, committed 39424K, reserved 1083392K
  class space    used 4849K, capacity 5024K, committed 5120K, reserved 1048576K
}
Event: 5.323 GC heap before
{Heap before GC invocations=10 (full 2):
 PSYoungGen      total 53248K, used 53224K [0x00000000d5e00000, 0x00000000da900000, 0x0000000100000000)
  eden space 48128K, 100% used [0x00000000d5e00000,0x00000000d8d00000,0x00000000d8d00000)
  from space 5120K, 99% used [0x00000000d9f00000,0x00000000da3fa338,0x00000000da400000)
  to   space 5120K, 0% used [0x00000000da400000,0x00000000da400000,0x00000000da900000)
 ParOldGen       total 66560K, used 29912K [0x0000000081a00000, 0x0000000085b00000, 0x00000000d5e00000)
  object space 66560K, 44% used [0x0000000081a00000,0x0000000083736368,0x0000000085b00000)
 Metaspace       used 41566K, capacity 42218K, committed 42496K, reserved 1087488K
  class space    used 5096K, capacity 5280K, committed 5376K, reserved 1048576K
Event: 5.335 GC heap after
Heap after GC invocations=10 (full 2):
 PSYoungGen      total 59904K, used 5096K [0x00000000d5e00000, 0x00000000dbd00000, 0x0000000100000000)
  eden space 54784K, 0% used [0x00000000d5e00000,0x00000000d5e00000,0x00000000d9380000)
  from space 5120K, 99% used [0x00000000da400000,0x00000000da8fa338,0x00000000da900000)
  to   space 16896K, 0% used [0x00000000d9380000,0x00000000d9380000,0x00000000da400000)
 ParOldGen       total 66560K, used 39683K [0x0000000081a00000, 0x0000000085b00000, 0x00000000d5e00000)
  object space 66560K, 59% used [0x0000000081a00000,0x00000000840c0f08,0x0000000085b00000)
 Metaspace       used 41566K, capacity 42218K, committed 42496K, reserved 1087488K
  class space    used 5096K, capacity 5280K, committed 5376K, reserved 1048576K
}

